2017-02-18 23:25:13,755 DEBUG o.h.v.i.u.l.LoggerFactory [main] Logging Provider: org.jboss.logging.Log4j2LoggerProvider
2017-02-18 23:25:13,762 INFO o.h.v.i.u.Version [main] HV000001: Hibernate Validator 5.3.4.Final
2017-02-18 23:25:13,790 DEBUG o.h.v.i.e.r.DefaultTraversableResolver [main] Cannot find javax.persistence.Persistence on classpath. Assuming non JPA 2 environment. All properties will per default be traversable.
2017-02-18 23:25:13,797 DEBUG o.h.v.i.e.ConfigurationImpl [main] Setting custom ParameterNameProvider of type io.dropwizard.jersey.validation.JerseyParameterNameProvider
2017-02-18 23:25:13,801 DEBUG o.h.v.i.x.ValidationXmlParser [main] Trying to load META-INF/validation.xml for XML based Validator configuration.
2017-02-18 23:25:13,803 DEBUG o.h.v.i.x.ResourceLoaderHelper [main] Trying to load META-INF/validation.xml via TCCL
2017-02-18 23:25:13,804 DEBUG o.h.v.i.x.ResourceLoaderHelper [main] Trying to load META-INF/validation.xml via Hibernate Validator's class loader
2017-02-18 23:25:13,804 DEBUG o.h.v.i.x.ValidationXmlParser [main] No META-INF/validation.xml found. Using annotation based configuration only.
2017-02-18 23:25:45,272 DEBUG o.h.v.i.u.l.LoggerFactory [main] Logging Provider: org.jboss.logging.Log4j2LoggerProvider
2017-02-18 23:25:45,277 INFO o.h.v.i.u.Version [main] HV000001: Hibernate Validator 5.3.4.Final
2017-02-18 23:25:45,295 DEBUG o.h.v.i.e.r.DefaultTraversableResolver [main] Cannot find javax.persistence.Persistence on classpath. Assuming non JPA 2 environment. All properties will per default be traversable.
2017-02-18 23:25:45,299 DEBUG o.h.v.i.e.ConfigurationImpl [main] Setting custom ParameterNameProvider of type io.dropwizard.jersey.validation.JerseyParameterNameProvider
2017-02-18 23:25:45,302 DEBUG o.h.v.i.x.ValidationXmlParser [main] Trying to load META-INF/validation.xml for XML based Validator configuration.
2017-02-18 23:25:45,303 DEBUG o.h.v.i.x.ResourceLoaderHelper [main] Trying to load META-INF/validation.xml via TCCL
2017-02-18 23:25:45,304 DEBUG o.h.v.i.x.ResourceLoaderHelper [main] Trying to load META-INF/validation.xml via Hibernate Validator's class loader
2017-02-18 23:25:45,304 DEBUG o.h.v.i.x.ValidationXmlParser [main] No META-INF/validation.xml found. Using annotation based configuration only.
2017-02-18 23:25:46,067 DEBUG o.h.v.i.m.d.ConstraintDescriptorImpl [main] Adding composing constraint: ConstraintDescriptorImpl{annotation=javax.validation.constraints.NotNull, payloads=[], hasComposingConstraints=true, isReportAsSingleInvalidConstraint=false, elementType=FIELD, definedOn=DEFINED_LOCALLY, groups=[interface javax.validation.groups.Default], attributes={message={javax.validation.constraints.NotNull.message}, groups=[Ljava.lang.Class;@24a1c17f, payload=[Ljava.lang.Class;@56102e1c}, constraintType=GENERIC}.
2017-02-18 23:25:46,068 DEBUG o.h.v.i.m.d.ConstraintDescriptorImpl [main] Adding composing constraint: ConstraintDescriptorImpl{annotation=javax.validation.constraints.Size, payloads=[], hasComposingConstraints=true, isReportAsSingleInvalidConstraint=false, elementType=FIELD, definedOn=DEFINED_LOCALLY, groups=[interface javax.validation.groups.Default], attributes={groups=[Ljava.lang.Class;@73511076, min=1, message={javax.validation.constraints.Size.message}, max=2147483647, payload=[Ljava.lang.Class;@7927bd9f}, constraintType=GENERIC}.
2017-02-18 23:25:46,070 DEBUG o.h.v.i.m.d.ConstraintDescriptorImpl [main] Adding composing constraint: ConstraintDescriptorImpl{annotation=javax.validation.constraints.NotNull, payloads=[], hasComposingConstraints=true, isReportAsSingleInvalidConstraint=false, elementType=FIELD, definedOn=DEFINED_LOCALLY, groups=[interface javax.validation.groups.Default], attributes={message={javax.validation.constraints.NotNull.message}, groups=[Ljava.lang.Class;@7fb9f71f, payload=[Ljava.lang.Class;@3b366632}, constraintType=GENERIC}.
2017-02-18 23:25:46,071 DEBUG o.h.v.i.m.d.ConstraintDescriptorImpl [main] Adding composing constraint: ConstraintDescriptorImpl{annotation=javax.validation.constraints.Size, payloads=[], hasComposingConstraints=true, isReportAsSingleInvalidConstraint=false, elementType=FIELD, definedOn=DEFINED_LOCALLY, groups=[interface javax.validation.groups.Default], attributes={groups=[Ljava.lang.Class;@51f49060, min=1, message={javax.validation.constraints.Size.message}, max=2147483647, payload=[Ljava.lang.Class;@514eedd8}, constraintType=GENERIC}.
2017-02-18 23:29:59,991 DEBUG o.h.v.i.u.l.LoggerFactory [main] Logging Provider: org.jboss.logging.Log4j2LoggerProvider
2017-02-18 23:30:00,001 INFO o.h.v.i.u.Version [main] HV000001: Hibernate Validator 5.3.4.Final
2017-02-18 23:30:00,025 DEBUG o.h.v.i.e.r.DefaultTraversableResolver [main] Cannot find javax.persistence.Persistence on classpath. Assuming non JPA 2 environment. All properties will per default be traversable.
2017-02-18 23:30:00,032 DEBUG o.h.v.i.e.ConfigurationImpl [main] Setting custom ParameterNameProvider of type io.dropwizard.jersey.validation.JerseyParameterNameProvider
2017-02-18 23:30:00,036 DEBUG o.h.v.i.x.ValidationXmlParser [main] Trying to load META-INF/validation.xml for XML based Validator configuration.
2017-02-18 23:30:00,038 DEBUG o.h.v.i.x.ResourceLoaderHelper [main] Trying to load META-INF/validation.xml via TCCL
2017-02-18 23:30:00,038 DEBUG o.h.v.i.x.ResourceLoaderHelper [main] Trying to load META-INF/validation.xml via Hibernate Validator's class loader
2017-02-18 23:30:00,039 DEBUG o.h.v.i.x.ValidationXmlParser [main] No META-INF/validation.xml found. Using annotation based configuration only.
2017-02-18 23:30:00,807 DEBUG o.h.v.i.m.d.ConstraintDescriptorImpl [main] Adding composing constraint: ConstraintDescriptorImpl{annotation=javax.validation.constraints.NotNull, payloads=[], hasComposingConstraints=true, isReportAsSingleInvalidConstraint=false, elementType=FIELD, definedOn=DEFINED_LOCALLY, groups=[interface javax.validation.groups.Default], attributes={message={javax.validation.constraints.NotNull.message}, groups=[Ljava.lang.Class;@7487b142, payload=[Ljava.lang.Class;@7139bd31}, constraintType=GENERIC}.
2017-02-18 23:30:00,809 DEBUG o.h.v.i.m.d.ConstraintDescriptorImpl [main] Adding composing constraint: ConstraintDescriptorImpl{annotation=javax.validation.constraints.Size, payloads=[], hasComposingConstraints=true, isReportAsSingleInvalidConstraint=false, elementType=FIELD, definedOn=DEFINED_LOCALLY, groups=[interface javax.validation.groups.Default], attributes={groups=[Ljava.lang.Class;@199bc830, min=1, message={javax.validation.constraints.Size.message}, max=2147483647, payload=[Ljava.lang.Class;@4b3fe06e}, constraintType=GENERIC}.
2017-02-18 23:30:00,811 DEBUG o.h.v.i.m.d.ConstraintDescriptorImpl [main] Adding composing constraint: ConstraintDescriptorImpl{annotation=javax.validation.constraints.NotNull, payloads=[], hasComposingConstraints=true, isReportAsSingleInvalidConstraint=false, elementType=FIELD, definedOn=DEFINED_LOCALLY, groups=[interface javax.validation.groups.Default], attributes={message={javax.validation.constraints.NotNull.message}, groups=[Ljava.lang.Class;@790a251b, payload=[Ljava.lang.Class;@4d8286c4}, constraintType=GENERIC}.
2017-02-18 23:30:00,812 DEBUG o.h.v.i.m.d.ConstraintDescriptorImpl [main] Adding composing constraint: ConstraintDescriptorImpl{annotation=javax.validation.constraints.Size, payloads=[], hasComposingConstraints=true, isReportAsSingleInvalidConstraint=false, elementType=FIELD, definedOn=DEFINED_LOCALLY, groups=[interface javax.validation.groups.Default], attributes={groups=[Ljava.lang.Class;@150ede8b, min=1, message={javax.validation.constraints.Size.message}, max=2147483647, payload=[Ljava.lang.Class;@161f6623}, constraintType=GENERIC}.
2017-02-21 00:00:58,043 DEBUG o.h.v.i.u.l.LoggerFactory [main] Logging Provider: org.jboss.logging.Log4j2LoggerProvider
2017-02-21 00:00:58,050 INFO o.h.v.i.u.Version [main] HV000001: Hibernate Validator 5.3.4.Final
2017-02-21 00:00:58,086 DEBUG o.h.v.i.e.r.DefaultTraversableResolver [main] Cannot find javax.persistence.Persistence on classpath. Assuming non JPA 2 environment. All properties will per default be traversable.
2017-02-21 00:00:58,094 DEBUG o.h.v.i.e.ConfigurationImpl [main] Setting custom ParameterNameProvider of type io.dropwizard.jersey.validation.JerseyParameterNameProvider
2017-02-21 00:00:58,098 DEBUG o.h.v.i.x.ValidationXmlParser [main] Trying to load META-INF/validation.xml for XML based Validator configuration.
2017-02-21 00:00:58,102 DEBUG o.h.v.i.x.ResourceLoaderHelper [main] Trying to load META-INF/validation.xml via TCCL
2017-02-21 00:00:58,103 DEBUG o.h.v.i.x.ResourceLoaderHelper [main] Trying to load META-INF/validation.xml via Hibernate Validator's class loader
2017-02-21 00:00:58,104 DEBUG o.h.v.i.x.ValidationXmlParser [main] No META-INF/validation.xml found. Using annotation based configuration only.
2017-02-21 00:03:09,556 DEBUG o.h.v.i.u.l.LoggerFactory [main] Logging Provider: org.jboss.logging.Log4j2LoggerProvider
2017-02-21 00:03:09,564 INFO o.h.v.i.u.Version [main] HV000001: Hibernate Validator 5.3.4.Final
2017-02-21 00:03:09,596 DEBUG o.h.v.i.e.r.DefaultTraversableResolver [main] Cannot find javax.persistence.Persistence on classpath. Assuming non JPA 2 environment. All properties will per default be traversable.
2017-02-21 00:03:09,602 DEBUG o.h.v.i.e.ConfigurationImpl [main] Setting custom ParameterNameProvider of type io.dropwizard.jersey.validation.JerseyParameterNameProvider
2017-02-21 00:03:09,606 DEBUG o.h.v.i.x.ValidationXmlParser [main] Trying to load META-INF/validation.xml for XML based Validator configuration.
2017-02-21 00:03:09,608 DEBUG o.h.v.i.x.ResourceLoaderHelper [main] Trying to load META-INF/validation.xml via TCCL
2017-02-21 00:03:09,608 DEBUG o.h.v.i.x.ResourceLoaderHelper [main] Trying to load META-INF/validation.xml via Hibernate Validator's class loader
2017-02-21 00:03:09,609 DEBUG o.h.v.i.x.ValidationXmlParser [main] No META-INF/validation.xml found. Using annotation based configuration only.
